<?xml version="1.0" encoding="UTF-8"?>
<!-- Generated by org.testng.reporters.JUnitXMLReporter -->
<testsuite ignored="0" hostname="DESKTOP-QC3MHCF" failures="0" tests="4" name="Default test" time="7.871" errors="0" timestamp="2024-02-20T21:59:18 BDT">
  <testcase classname="HTTPRequests.HTTPRequests" name="getUsers" time="5.574"/>
  <testcase classname="HTTPRequests.HTTPRequests" name="createUser" time="1.297"/>
  <testcase classname="HTTPRequests.HTTPRequests" name="updateUser" time="0.439"/>
  <testcase classname="HTTPRequests.HTTPRequests" name="deleteUser" time="0.472"/>
</testsuite> <!-- Default test -->
