<?xml version="1.0" encoding="UTF-8"?>
<!-- Generated by org.testng.reporters.JUnitXMLReporter -->
<testsuite ignored="0" hostname="DESKTOP-QC3MHCF" failures="0" tests="2" name="Default test" time="4.242" errors="0" timestamp="2024-02-23T16:02:24 BDT">
  <testcase classname="WaysToCreatePostRequestBody.WaysToCreatePostRequestBody" name="testPostRequestUsingExternalJSONFile" time="4.069"/>
  <testcase classname="WaysToCreatePostRequestBody.WaysToCreatePostRequestBody" name="testDelete" time="0.09"/>
</testsuite> <!-- Default test -->
