<?xml version="1.0" encoding="UTF-8"?>
<testng-results ignored="0" total="2" passed="2" failed="0" skipped="0">
  <reporter-output>
  </reporter-output>
  <suite started-at="2024-02-23T15:35:45 BDT" name="Default suite" finished-at="2024-02-23T15:35:50 BDT" duration-ms="5429">
    <groups>
    </groups>
    <test started-at="2024-02-23T15:35:45 BDT" name="Default test" finished-at="2024-02-23T15:35:50 BDT" duration-ms="5429">
      <class name="WaysToCreatePostRequestBody.WaysToCreatePostRequestBody">
        <test-method signature="testPostRequestUsingPOJO()[pri:1, instance:WaysToCreatePostRequestBody.WaysToCreatePostRequestBody@6e171cd7]" started-at="2024-02-23T15:35:45 BDT" name="testPostRequestUsingPOJO" finished-at="2024-02-23T15:35:50 BDT" duration-ms="5283" status="PASS">
          <reporter-output>
          </reporter-output>
        </test-method> <!-- testPostRequestUsingPOJO -->
        <test-method signature="testDelete()[pri:2, instance:WaysToCreatePostRequestBody.WaysToCreatePostRequestBody@6e171cd7]" started-at="2024-02-23T15:35:50 BDT" name="testDelete" finished-at="2024-02-23T15:35:50 BDT" duration-ms="50" status="PASS">
          <reporter-output>
          </reporter-output>
        </test-method> <!-- testDelete -->
      </class> <!-- WaysToCreatePostRequestBody.WaysToCreatePostRequestBody -->
    </test> <!-- Default test -->
  </suite> <!-- Default suite -->
</testng-results>
