<?xml version="1.0" encoding="UTF-8"?>
<testng-results ignored="0" total="2" passed="2" failed="0" skipped="0">
  <reporter-output>
  </reporter-output>
  <suite started-at="2024-03-01T21:46:23 BDT" name="Default suite" finished-at="2024-03-01T21:46:30 BDT" duration-ms="7444">
    <groups>
    </groups>
    <test started-at="2024-03-01T21:46:23 BDT" name="Default test" finished-at="2024-03-01T21:46:30 BDT" duration-ms="7444">
      <class name="Headers.HeadersTest">
        <test-method signature="testHeaders()[pri:1, instance:Headers.HeadersTest@6e171cd7]" started-at="2024-03-01T21:46:23 BDT" name="testHeaders" finished-at="2024-03-01T21:46:29 BDT" duration-ms="6072" status="PASS">
          <reporter-output>
          </reporter-output>
        </test-method> <!-- testHeaders -->
        <test-method signature="getHeaders()[pri:2, instance:Headers.HeadersTest@6e171cd7]" started-at="2024-03-01T21:46:29 BDT" name="getHeaders" finished-at="2024-03-01T21:46:30 BDT" duration-ms="1282" status="PASS">
          <reporter-output>
          </reporter-output>
        </test-method> <!-- getHeaders -->
      </class> <!-- Headers.HeadersTest -->
    </test> <!-- Default test -->
  </suite> <!-- Default suite -->
</testng-results>
